<?xml version="1.0" encoding="UTF-8"?>
<testsuite xmlns:xsi="http://www.w3.org/2001/XMLSchema-instance" xsi:noNamespaceSchemaLocation="https://maven.apache.org/surefire/maven-surefire-plugin/xsd/surefire-test-report-3.0.xsd" version="3.0" name="edu.yu.cs.com1320.project.impl.TrieImplTest" time="0.022" tests="4" errors="0" skipped="0" failures="0">
  <properties>
[...]
</properties>
  <testcase name="deleteAllTest" classname="edu.yu.cs.com1320.project.impl.TrieImplTest" time="0.011">
    <system-out><![CDATA[[than9028, that3003, that3012, that4584, that5708, that5746, that5748, that7194, that8020, that8560, that9386, thelastSize2315, thenodes3189, these7712, thestring255, those3822, three9705]
]]></system-out>
  </testcase>
  <testcase name="deleteAllWithPrefixTest" classname="edu.yu.cs.com1320.project.impl.TrieImplTest" time="0.002">
    <system-out><![CDATA[[]
]]></system-out>
  </testcase>
  <testcase name="getAllTest" classname="edu.yu.cs.com1320.project.impl.TrieImplTest" time="0.001">
    <system-out><![CDATA[[the1125, the1586, the2216, the2526, the2840, the3091, the31, the3285, the33, the3933, the4355, the4820, the5193, the5222, the5442, the570, the5952, the6006, the6214, the6316, the6491, the6567, the7078, the7276, the7489, the7674, the8143, the8695, the9631, the9806]
30
]]></system-out>
  </testcase>
  <testcase name="getAllByPrefixTest" classname="edu.yu.cs.com1320.project.impl.TrieImplTest" time="0.002">
    <system-out><![CDATA[[than4699, that1738, that1740, that2558, that2596, that3776, that567, that5871, that699, that8616, that9198, the1121, the1259, the1503, the184, the2520, the2982, the3042, the3132, the3389, the3503, the350, the3535, the3776, the4713, the4963, the4997, the5583, the6148, the6425, the652, the6606, the6805, the7545, the7775, the7900, the8394, the8555, the8580, the9124, the9880, thelastSize7734, thenodes5651, these8207, thestring4390, those5205, three7426]
47
]]></system-out>
  </testcase>
</testsuite>